<?xml version="1.0" encoding="UTF-8"?>
<!-- Generated by org.testng.reporters.JUnitXMLReporter -->
<testsuite ignored="0" hostname="DESKTOP-AD1H9CQ" failures="1" tests="8" name="Default test" time="0.381" errors="0" timestamp="2023-05-19T14:20:09 IST">
  <testcase classname="NYKAA_TestNG.TestNG_Cross_Browser_Testing" name="@BeforeTest setup" time="-1.684486209248E9">
    <failure type="org.testng.TestNGException" message="
Parameter &amp;apos;browser&amp;apos; is required by BeforeTest on method setup but has not been marked @Optional or defined
in C:\Users\Javed\AppData\Local\Temp\testng-eclipse--835234202\testng-customsuite.xml">
      <![CDATA[org.testng.TestNGException: 
Parameter 'browser' is required by BeforeTest on method setup but has not been marked @Optional or defined
in C:\Users\Javed\AppData\Local\Temp\testng-eclipse--835234202\testng-customsuite.xml
at org.testng.internal.Parameters.createParams(Parameters.java:270)
at org.testng.internal.Parameters.createParametersForMethod(Parameters.java:358)
at org.testng.internal.Parameters.createParameters(Parameters.java:700)
at org.testng.internal.Parameters.createConfigurationParameters(Parameters.java:168)
at org.testng.internal.ConfigInvoker.invokeConfigurations(ConfigInvoker.java:302)
at org.testng.TestRunner.invokeTestConfigurations(TestRunner.java:637)
at org.testng.TestRunner.beforeRun(TestRunner.java:627)
at org.testng.TestRunner.run(TestRunner.java:589)
at org.testng.SuiteRunner.runTest(SuiteRunner.java:377)
at org.testng.SuiteRunner.runSequentially(SuiteRunner.java:371)
at org.testng.SuiteRunner.privateRun(SuiteRunner.java:332)
at org.testng.SuiteRunner.run(SuiteRunner.java:276)
at org.testng.SuiteRunnerWorker.runSuite(SuiteRunnerWorker.java:53)
at org.testng.SuiteRunnerWorker.run(SuiteRunnerWorker.java:96)
at org.testng.TestNG.runSuitesSequentially(TestNG.java:1212)
at org.testng.TestNG.runSuitesLocally(TestNG.java:1134)
at org.testng.TestNG.runSuites(TestNG.java:1063)
at org.testng.TestNG.run(TestNG.java:1031)
at org.testng.remote.AbstractRemoteTestNG.run(AbstractRemoteTestNG.java:115)
at org.testng.remote.RemoteTestNG.initAndRun(RemoteTestNG.java:251)
at org.testng.remote.RemoteTestNG.main(RemoteTestNG.java:77)
]]>
    </failure>
  </testcase> <!-- @BeforeTest setup -->
  <testcase classname="NYKAA_TestNG.TestNG_Cross_Browser_Testing" name="@BeforeClass a_Session_Initiated" time="-1.68448620936E9">
    <skipped/>
  </testcase> <!-- @BeforeClass a_Session_Initiated -->
  <testcase classname="NYKAA_TestNG.TestNG_Cross_Browser_Testing" name="@AfterMethod Browser" time="-1.684486209412E9">
    <skipped/>
  </testcase> <!-- @AfterMethod Browser -->
  <testcase classname="NYKAA_TestNG.TestNG_Cross_Browser_Testing" name="@AfterMethod Browser" time="-1.684486209456E9">
    <skipped/>
  </testcase> <!-- @AfterMethod Browser -->
  <testcase classname="NYKAA_TestNG.TestNG_Cross_Browser_Testing" name="@AfterMethod Browser" time="-1.68448620947E9">
    <skipped/>
  </testcase> <!-- @AfterMethod Browser -->
  <testcase classname="NYKAA_TestNG.TestNG_Cross_Browser_Testing" name="@AfterMethod Browser" time="-1.684486209509E9">
    <skipped/>
  </testcase> <!-- @AfterMethod Browser -->
  <testcase classname="NYKAA_TestNG.TestNG_Cross_Browser_Testing" name="@AfterMethod Browser" time="-1.684486209534E9">
    <skipped/>
  </testcase> <!-- @AfterMethod Browser -->
  <testcase classname="NYKAA_TestNG.TestNG_Cross_Browser_Testing" name="@AfterMethod Browser" time="-1.684486209562E9">
    <skipped/>
  </testcase> <!-- @AfterMethod Browser -->
  <testcase classname="NYKAA_TestNG.TestNG_Cross_Browser_Testing" name="@AfterMethod Browser" time="-1.684486209583E9">
    <skipped/>
  </testcase> <!-- @AfterMethod Browser -->
  <testcase classname="NYKAA_TestNG.TestNG_Cross_Browser_Testing" name="@AfterClass browser_quit" time="-1.684486209592E9">
    <skipped/>
  </testcase> <!-- @AfterClass browser_quit -->
  <testcase classname="NYKAA_TestNG.TestNG_Cross_Browser_Testing" name="browser_Launch" time="0.0">
    <skipped/>
  </testcase> <!-- browser_Launch -->
  <testcase classname="NYKAA_TestNG.TestNG_Cross_Browser_Testing" name="log_In" time="0.0">
    <failure type="org.testng.TestNGException" message="
Parameter &amp;apos;a&amp;apos; is required by @Test on method log_In but has not been marked @Optional or defined
in C:\Users\Javed\AppData\Local\Temp\testng-eclipse--835234202\testng-customsuite.xml">
      <![CDATA[org.testng.TestNGException: 
Parameter 'a' is required by @Test on method log_In but has not been marked @Optional or defined
in C:\Users\Javed\AppData\Local\Temp\testng-eclipse--835234202\testng-customsuite.xml
at org.testng.internal.Parameters.createParams(Parameters.java:270)
at org.testng.internal.Parameters.createParametersForMethod(Parameters.java:358)
at org.testng.internal.Parameters.createParameters(Parameters.java:700)
at org.testng.internal.Parameters.handleParameters(Parameters.java:884)
at org.testng.internal.Parameters.handleParameters(Parameters.java:740)
at org.testng.internal.ParameterHandler.handleParameters(ParameterHandler.java:59)
at org.testng.internal.ParameterHandler.createParameters(ParameterHandler.java:38)
at org.testng.internal.TestInvoker$MethodInvocationAgent.invoke(TestInvoker.java:791)
at org.testng.internal.TestInvoker.invokeTestMethods(TestInvoker.java:146)
at org.testng.internal.TestMethodWorker.invokeTestMethods(TestMethodWorker.java:146)
at org.testng.internal.TestMethodWorker.run(TestMethodWorker.java:128)
at java.base/java.util.ArrayList.forEach(ArrayList.java:1511)
at org.testng.TestRunner.privateRun(TestRunner.java:794)
at org.testng.TestRunner.run(TestRunner.java:596)
at org.testng.SuiteRunner.runTest(SuiteRunner.java:377)
at org.testng.SuiteRunner.runSequentially(SuiteRunner.java:371)
at org.testng.SuiteRunner.privateRun(SuiteRunner.java:332)
at org.testng.SuiteRunner.run(SuiteRunner.java:276)
at org.testng.SuiteRunnerWorker.runSuite(SuiteRunnerWorker.java:53)
at org.testng.SuiteRunnerWorker.run(SuiteRunnerWorker.java:96)
at org.testng.TestNG.runSuitesSequentially(TestNG.java:1212)
at org.testng.TestNG.runSuitesLocally(TestNG.java:1134)
at org.testng.TestNG.runSuites(TestNG.java:1063)
at org.testng.TestNG.run(TestNG.java:1031)
at org.testng.remote.AbstractRemoteTestNG.run(AbstractRemoteTestNG.java:115)
at org.testng.remote.RemoteTestNG.initAndRun(RemoteTestNG.java:251)
at org.testng.remote.RemoteTestNG.main(RemoteTestNG.java:77)
]]>
    </failure>
  </testcase> <!-- log_In -->
  <testcase classname="NYKAA_TestNG.TestNG_Cross_Browser_Testing" name="Makeup_Product" time="0.0">
    <skipped/>
  </testcase> <!-- Makeup_Product -->
  <testcase classname="NYKAA_TestNG.TestNG_Cross_Browser_Testing" name="Makeup_Remover_Product" time="0.0">
    <skipped/>
  </testcase> <!-- Makeup_Remover_Product -->
  <testcase classname="NYKAA_TestNG.TestNG_Cross_Browser_Testing" name="product_Click" time="0.0">
    <skipped/>
  </testcase> <!-- product_Click -->
  <testcase classname="NYKAA_TestNG.TestNG_Cross_Browser_Testing" name="Product_Page_TO_Cart" time="0.0">
    <skipped/>
  </testcase> <!-- Product_Page_TO_Cart -->
  <testcase classname="NYKAA_TestNG.TestNG_Cross_Browser_Testing" name="Payment_Method" time="0.0">
    <skipped/>
  </testcase> <!-- Payment_Method -->
  <testcase classname="NYKAA_TestNG.TestNG_Cross_Browser_Testing" name="log_Out" time="0.0">
    <skipped/>
  </testcase> <!-- log_Out -->
</testsuite> <!-- Default test -->
